<?xml version="1.0" encoding="UTF-8"?>
<!-- Generated by org.testng.reporters.JUnitReportReporter -->
<testsuite hostname="DESKTOP-6IVHGF6" failures="0" tests="1" name="com.monckintoBusiness.SeleniumConcepts.ActionClass" time="34.098" errors="0" timestamp="2024-10-22T12:38:28 IST" skipped="0">
  <testcase classname="com.monckintoBusiness.SeleniumConcepts.ActionClass" name="Using_Google_ShortCut" time="34.098"/>
  <system-out/>
</testsuite> <!-- com.monckintoBusiness.SeleniumConcepts.ActionClass -->
