<?xml version="1.0" encoding="UTF-8"?>
<!-- Generated by org.testng.reporters.JUnitReportReporter -->
<testsuite hostname="DESKTOP-6IVHGF6" failures="0" tests="1" name="com.monckintoBusiness.SeleniumConcepts.WebTable" time="3.049" errors="0" timestamp="2024-10-22T13:18:27 IST" skipped="0">
  <testcase classname="com.monckintoBusiness.SeleniumConcepts.WebTable" name="Using_Webtable" time="3.049"/>
  <system-out/>
</testsuite> <!-- com.monckintoBusiness.SeleniumConcepts.WebTable -->
