<?xml version="1.0" encoding="UTF-8"?>
<!-- Generated by org.testng.reporters.JUnitReportReporter -->
<testsuite hostname="DESKTOP-6IVHGF6" failures="0" tests="1" name="com.monckintoBusiness.PopUpHandling.FileUpload" time="11.914" errors="0" timestamp="2024-10-23T13:53:14 IST" skipped="0">
  <testcase classname="com.monckintoBusiness.PopUpHandling.FileUpload" name="fileUpload_use" time="11.914"/>
  <system-out/>
</testsuite> <!-- com.monckintoBusiness.PopUpHandling.FileUpload -->
