<?xml version="1.0" encoding="UTF-8"?>
<!-- Generated by org.testng.reporters.JUnitReportReporter -->
<testsuite hostname="DESKTOP-6IVHGF6" failures="0" tests="1" name="com.monckintoBusiness.SeleniumConcepts.Frames" time="7.758" errors="0" timestamp="2024-10-22T11:57:51 IST" skipped="0">
  <testcase classname="com.monckintoBusiness.SeleniumConcepts.Frames" name="Frames_Function" time="7.758"/>
  <system-out/>
</testsuite> <!-- com.monckintoBusiness.SeleniumConcepts.Frames -->
