<?xml version="1.0" encoding="UTF-8"?>
<!-- Generated by org.testng.reporters.JUnitReportReporter -->
<testsuite hostname="DESKTOP-6IVHGF6" failures="0" tests="1" name="com.monckintoBusiness.SeleniumTest.LoginPage" time="25.144" errors="0" timestamp="2024-10-22T11:56:52 IST" skipped="0">
  <testcase classname="com.monckintoBusiness.SeleniumTest.LoginPage" name="signUppage" time="25.144"/>
  <system-out/>
</testsuite> <!-- com.monckintoBusiness.SeleniumTest.LoginPage -->
