<?xml version="1.0" encoding="UTF-8"?>
<!-- Generated by org.testng.reporters.JUnitReportReporter -->
<testsuite hostname="DESKTOP-6IVHGF6" failures="0" tests="1" name="com.monckintoBusiness.PopUpHandling.HiddenDivisionPopUp" time="15.610" errors="0" timestamp="2024-10-23T13:24:25 IST" skipped="0">
  <testcase classname="com.monckintoBusiness.PopUpHandling.HiddenDivisionPopUp" name="hiddenDivisionPopUp_Example" time="15.610"/>
  <system-out/>
</testsuite> <!-- com.monckintoBusiness.PopUpHandling.HiddenDivisionPopUp -->
