<?xml version="1.0" encoding="UTF-8"?>
<!-- Generated by org.testng.reporters.JUnitReportReporter -->
<testsuite hostname="DESKTOP-6IVHGF6" failures="0" tests="1" name="com.monckintoBusiness.SeleniumTest.Robot_class" time="0.635" errors="0" timestamp="2024-10-19T09:41:43 IST" skipped="0">
  <testcase classname="com.monckintoBusiness.SeleniumTest.Robot_class" name="Take_ScreenShot" time="0.635"/>
  <system-out/>
</testsuite> <!-- com.monckintoBusiness.SeleniumTest.Robot_class -->
