<?xml version="1.0" encoding="UTF-8"?>
<!-- Generated by org.testng.reporters.JUnitReportReporter -->
<testsuite hostname="DESKTOP-6IVHGF6" failures="0" tests="1" name="com.monckintoBusiness.SeleniumTest.LoginValidation" time="5.465" errors="0" timestamp="2024-10-21T12:45:48 IST" skipped="0">
  <testcase classname="com.monckintoBusiness.SeleniumTest.LoginValidation" name="methods_prac" time="5.465"/>
  <system-out/>
</testsuite> <!-- com.monckintoBusiness.SeleniumTest.LoginValidation -->
