<?xml version="1.0" encoding="UTF-8"?>
<!-- Generated by org.testng.reporters.JUnitReportReporter -->
<testsuite hostname="DESKTOP-6IVHGF6" failures="0" tests="1" name="com.monckintoBusiness.SeleniumConcepts.SelectClass" time="3.878" errors="0" timestamp="2024-10-22T14:01:43 IST" skipped="0">
  <testcase classname="com.monckintoBusiness.SeleniumConcepts.SelectClass" name="Using_SelectClass_Method" time="3.878"/>
  <system-out/>
</testsuite> <!-- com.monckintoBusiness.SeleniumConcepts.SelectClass -->
