<?xml version="1.0" encoding="UTF-8"?>
<!-- Generated by org.testng.reporters.JUnitReportReporter -->
<testsuite hostname="DESKTOP-6IVHGF6" failures="0" tests="1" name="com.monckintoBusiness.SeleniumTest.PracticeLocators" time="15.644" errors="0" timestamp="2024-10-19T13:07:02 IST" skipped="0">
  <testcase classname="com.monckintoBusiness.SeleniumTest.PracticeLocators" name="practice" time="15.644"/>
  <system-out/>
</testsuite> <!-- com.monckintoBusiness.SeleniumTest.PracticeLocators -->
